  battleGround.cpp
  fireSword.cpp
  goblin.cpp
  gold.cpp
  goldenArmor.cpp
  goldenSword.cpp
  iron.cpp
  item.cpp
  magicArmor.cpp
  magicpick.cpp
  magicSword.cpp
  main.cpp
  mainGame.cpp
  map.cpp
c:\users\samsoni\desktop\아비\코드\수민이를 간 게임 (1)\map.cpp(129): warning C4244: '인수': 'time_t'에서 'unsigned int'(으)로 변환하면서 데이터가 손실될 수 있습니다.
  monster.cpp
  normalArmor.cpp
  normalhoe.cpp
  normalpick.cpp
  normalSword.cpp
  shop.cpp
c:\users\samsoni\desktop\아비\코드\수민이를 간 게임 (1)\shop.cpp(404): warning C4244: '인수': 'time_t'에서 'unsigned int'(으)로 변환하면서 데이터가 손실될 수 있습니다.
  코드를 생성하고 있습니다...
c:\users\samsoni\desktop\아비\코드\수민이를 간 게임 (1)\shop.cpp(417): warning C4715: 'shop::checkpick': 모든 제어 경로에서 값을 반환하지는 않습니다.
c:\users\samsoni\desktop\아비\코드\수민이를 간 게임 (1)\shop.cpp(429): warning C4715: 'shop::checkPick': 모든 제어 경로에서 값을 반환하지는 않습니다.
c:\users\samsoni\desktop\아비\코드\수민이를 간 게임 (1)\shop.cpp(455): warning C4715: 'shop::moneycheck': 모든 제어 경로에서 값을 반환하지는 않습니다.
c:\users\samsoni\desktop\아비\코드\수민이를 간 게임 (1)\shop.cpp(504): warning C4715: 'shop::checkSword': 모든 제어 경로에서 값을 반환하지는 않습니다.
c:\users\samsoni\desktop\아비\코드\수민이를 간 게임 (1)\shop.cpp(523): warning C4715: 'shop::checkArmor': 모든 제어 경로에서 값을 반환하지는 않습니다.
  컴파일하고 있습니다...
  _move.cpp
  orc.cpp
  player.cpp
c:\users\samsoni\desktop\아비\코드\수민이를 간 게임 (1)\battleground.h(12): error C2143: 구문 오류: ';'이(가) '*' 앞에 없습니다.
c:\users\samsoni\desktop\아비\코드\수민이를 간 게임 (1)\battleground.h(12): error C4430: 형식 지정자가 없습니다. int로 가정합니다. 참고: C++에서는 기본 int를 지원하지 않습니다.
c:\users\samsoni\desktop\아비\코드\수민이를 간 게임 (1)\battleground.h(12): error C2238: ';' 앞에 예기치 않은 토큰이 있습니다.
c:\users\samsoni\desktop\아비\코드\수민이를 간 게임 (1)\battleground.h(15): error C2061: 구문 오류: 식별자 'player'
  skillBase.cpp
  wolf.cpp
  코드를 생성하고 있습니다...
c:\users\samsoni\desktop\아비\코드\수민이를 간 게임 (1)\_move.cpp(63): warning C4715: '_move::keyboard': 모든 제어 경로에서 값을 반환하지는 않습니다.
